2024-02-12 14:11:02 - [32minfo[39m: Reading configs from D:\PlayWrightV2\Playwright-Demo\browserstack.yml
2024-02-12 14:11:03 - [32minfo[39m: Project and debug logs are captured by default. To disable, set disableAutoCaptureLogs: true in config.
2024-02-12 14:11:14 - [32minfo[39m: Local binary started successfully
2024-02-12 14:11:15 - [32minfo[39m: Getting your playwright config from D:\PlayWrightV2\Playwright-Demo\playwright.config.js
2024-02-12 14:11:17 - [32minfo[39m: Adding browserstack configs to setup for Observability
2024-02-12 14:13:08 - [32minfo[39m: Visit https://observability.browserstack.com/builds/invmn5mzj0tcrbpwgbgssm5qmftcg9geyths8mio to view build report, insights, and many more debugging information all at one place!

2024-02-12 14:13:08 - [32minfo[39m: View build on BrowserStack dashboard: https://automate.browserstack.com/dashboard/v2/builds/73e880a47e7ef956c5e5236d857d44bc4b70eacc
2024-02-12 14:13:10 - [32minfo[39m: Deleting D:\PlayWrightV2\Playwright-Demo\playwright-browserstack-sdk.config.js
2024-02-12 14:13:13 - [32minfo[39m: Local binary stopped
2024-02-12 14:16:00 - [32minfo[39m: Reading configs from D:\PlayWrightV2\Playwright-Demo\browserstack.yml
2024-02-12 14:16:00 - [32minfo[39m: Project and debug logs are captured by default. To disable, set disableAutoCaptureLogs: true in config.
2024-02-12 14:16:04 - [32minfo[39m: Local binary started successfully
2024-02-12 14:16:05 - [32minfo[39m: Getting your playwright config from D:\PlayWrightV2\Playwright-Demo\playwright.config.js
2024-02-12 14:16:07 - [32minfo[39m: Adding browserstack configs to setup for Observability
2024-02-12 14:18:10 - [32minfo[39m: Visit https://observability.browserstack.com/builds/u07zmu6dqtztujdlxvwsosobl1qfbgm0uwep3wvl to view build report, insights, and many more debugging information all at one place!

2024-02-12 14:18:10 - [32minfo[39m: View build on BrowserStack dashboard: https://automate.browserstack.com/dashboard/v2/builds/24d3badff4d57980ac6b68e0c60118e300341cf6
2024-02-12 14:18:12 - [32minfo[39m: Deleting D:\PlayWrightV2\Playwright-Demo\playwright-browserstack-sdk.config.js
2024-02-12 14:18:15 - [32minfo[39m: Local binary stopped
2024-02-12 14:20:11 - [32minfo[39m: Reading configs from D:\PlayWrightV2\Playwright-Demo\browserstack.yml
2024-02-12 14:20:12 - [32minfo[39m: Project and debug logs are captured by default. To disable, set disableAutoCaptureLogs: true in config.
2024-02-12 14:20:15 - [32minfo[39m: Local binary started successfully
2024-02-12 14:20:17 - [32minfo[39m: Getting your playwright config from D:\PlayWrightV2\Playwright-Demo\playwright.config.js
2024-02-12 14:20:18 - [32minfo[39m: Adding browserstack configs to setup for Observability
2024-02-12 14:21:09 - [32minfo[39m: Visit https://observability.browserstack.com/builds/jptkrqyazpvfgutv7ihpcaavx4ignvkyhphjhpgy to view build report, insights, and many more debugging information all at one place!

2024-02-12 14:21:09 - [32minfo[39m: View build on BrowserStack dashboard: https://automate.browserstack.com/dashboard/v2/builds/8e388934262176a472cebb5d7174cd5c6b63e5ca
2024-02-12 14:21:11 - [32minfo[39m: Deleting D:\PlayWrightV2\Playwright-Demo\playwright-browserstack-sdk.config.js
2024-02-12 14:21:15 - [32minfo[39m: Local binary stopped
2024-02-12 14:29:16 - [32minfo[39m: Reading configs from D:\PlayWrightV2\Playwright-Demo\browserstack.yml
2024-02-12 14:29:17 - [32minfo[39m: Project and debug logs are captured by default. To disable, set disableAutoCaptureLogs: true in config.
2024-02-12 14:29:21 - [32minfo[39m: Local binary started successfully
2024-02-12 14:29:21 - [32minfo[39m: Getting your playwright config from D:\PlayWrightV2\Playwright-Demo\playwright.config.js
2024-02-12 14:29:23 - [32minfo[39m: Adding browserstack configs to setup for Observability
2024-02-12 14:30:13 - [32minfo[39m: Visit https://observability.browserstack.com/builds/6zenuruab2di0durskjomcfnbdc4potflnuf42vz to view build report, insights, and many more debugging information all at one place!

2024-02-12 14:30:13 - [32minfo[39m: View build on BrowserStack dashboard: https://automate.browserstack.com/dashboard/v2/builds/af551c92a09e6c7b79fc4f04e2f01029fb2525e1
2024-02-12 14:30:15 - [32minfo[39m: Deleting D:\PlayWrightV2\Playwright-Demo\playwright-browserstack-sdk.config.js
2024-02-12 14:30:19 - [32minfo[39m: Local binary stopped
2024-02-12 14:38:14 - [32minfo[39m: Reading configs from D:\PlayWrightV2\Playwright-Demo\browserstack.yml
2024-02-12 14:38:14 - [32minfo[39m: Project and debug logs are captured by default. To disable, set disableAutoCaptureLogs: true in config.
2024-02-12 14:38:18 - [32minfo[39m: Local binary started successfully
2024-02-12 14:38:19 - [32minfo[39m: Getting your playwright config from D:\PlayWrightV2\Playwright-Demo\playwright.config.js
2024-02-12 14:38:21 - [32minfo[39m: Adding browserstack configs to setup for Observability
2024-02-12 14:39:24 - [32minfo[39m: Visit https://observability.browserstack.com/builds/2lqeaq00tqh7qvmqpc8ugzgflb0bry0awzygbpmj to view build report, insights, and many more debugging information all at one place!

2024-02-12 14:39:25 - [32minfo[39m: View build on BrowserStack dashboard: https://automate.browserstack.com/dashboard/v2/builds/a697e60927d0956295dbec1a3abc21c5ef6e83a0
2024-02-12 14:39:27 - [32minfo[39m: Deleting D:\PlayWrightV2\Playwright-Demo\playwright-browserstack-sdk.config.js
2024-02-12 14:39:30 - [32minfo[39m: Local binary stopped
2024-02-12 14:43:33 - [32minfo[39m: Reading configs from D:\PlayWrightV2\Playwright-Demo\browserstack.yml
2024-02-12 14:43:33 - [32minfo[39m: Project and debug logs are captured by default. To disable, set disableAutoCaptureLogs: true in config.
2024-02-12 14:43:37 - [32minfo[39m: Local binary started successfully
2024-02-12 14:43:38 - [32minfo[39m: Getting your playwright config from D:\PlayWrightV2\Playwright-Demo\playwright.config.js
2024-02-12 14:43:40 - [32minfo[39m: Adding browserstack configs to setup for Observability
2024-02-12 14:43:55 - [32minfo[39m: Visit https://observability.browserstack.com/builds/bs7owsxucsqsahifegb85s3vs2ocnlhlxyj9a0ba to view build report, insights, and many more debugging information all at one place!

2024-02-12 14:43:58 - [32minfo[39m: Deleting D:\PlayWrightV2\Playwright-Demo\playwright-browserstack-sdk.config.js
2024-02-12 14:44:01 - [32minfo[39m: Local binary stopped
2024-02-12 14:51:15 - [32minfo[39m: Reading configs from D:\PlayWrightV2\Playwright-Demo\browserstack.yml
2024-02-12 14:51:15 - [32minfo[39m: Project and debug logs are captured by default. To disable, set disableAutoCaptureLogs: true in config.
2024-02-12 14:51:19 - [32minfo[39m: Local binary started successfully
2024-02-12 14:51:20 - [32minfo[39m: Getting your playwright config from D:\PlayWrightV2\Playwright-Demo\playwright.config.js
2024-02-12 14:51:22 - [32minfo[39m: Adding browserstack configs to setup for Observability
2024-02-12 14:51:37 - [32minfo[39m: Visit https://observability.browserstack.com/builds/xewawysjl3umwxp13ejrbwxhnagguoubmruf46fw to view build report, insights, and many more debugging information all at one place!

2024-02-12 14:51:39 - [32minfo[39m: Deleting D:\PlayWrightV2\Playwright-Demo\playwright-browserstack-sdk.config.js
2024-02-12 14:51:42 - [32minfo[39m: Local binary stopped
2024-02-12 14:52:17 - [32minfo[39m: Reading configs from D:\PlayWrightV2\Playwright-Demo\browserstack.yml
2024-02-12 14:52:17 - [32minfo[39m: Project and debug logs are captured by default. To disable, set disableAutoCaptureLogs: true in config.
2024-02-12 14:52:21 - [32minfo[39m: Local binary started successfully
2024-02-12 14:52:22 - [32minfo[39m: Getting your playwright config from D:\PlayWrightV2\Playwright-Demo\playwright.config.js
2024-02-12 14:52:24 - [32minfo[39m: Adding browserstack configs to setup for Observability
2024-02-12 14:53:13 - [32minfo[39m: Visit https://observability.browserstack.com/builds/kge2ux1vezjsawe5lirgaddpjjijnnxdrnomvijb to view build report, insights, and many more debugging information all at one place!

2024-02-12 14:53:13 - [32minfo[39m: View build on BrowserStack dashboard: https://automate.browserstack.com/dashboard/v2/builds/9eabaa52860df288bfbb0ea9e24c2f295aba0dde
2024-02-12 14:53:15 - [32minfo[39m: Deleting D:\PlayWrightV2\Playwright-Demo\playwright-browserstack-sdk.config.js
2024-02-12 14:53:18 - [32minfo[39m: Local binary stopped
2024-02-12 14:54:54 - [32minfo[39m: Reading configs from D:\PlayWrightV2\Playwright-Demo\browserstack.yml
2024-02-12 14:54:54 - [32minfo[39m: Project and debug logs are captured by default. To disable, set disableAutoCaptureLogs: true in config.
2024-02-12 14:54:58 - [32minfo[39m: Local binary started successfully
2024-02-12 14:54:59 - [32minfo[39m: Getting your playwright config from D:\PlayWrightV2\Playwright-Demo\playwright.config.js
2024-02-12 14:55:01 - [32minfo[39m: Adding browserstack configs to setup for Observability
2024-02-12 14:55:54 - [32minfo[39m: Visit https://observability.browserstack.com/builds/4nu9iwzovabofpfeszbqi8zqzx9p8th6epr0zp4v to view build report, insights, and many more debugging information all at one place!

2024-02-12 14:55:54 - [32minfo[39m: View build on BrowserStack dashboard: https://automate.browserstack.com/dashboard/v2/builds/e2b487a543db40217343887ccf22e5e004f6c2ed
2024-02-12 14:55:57 - [32minfo[39m: Deleting D:\PlayWrightV2\Playwright-Demo\playwright-browserstack-sdk.config.js
2024-02-12 14:56:00 - [32minfo[39m: Local binary stopped
2024-02-12 15:09:50 - [32minfo[39m: Reading configs from D:\PlayWrightV2\Playwright-Demo\browserstack.yml
2024-02-12 15:09:50 - [32minfo[39m: Project and debug logs are captured by default. To disable, set disableAutoCaptureLogs: true in config.
2024-02-12 15:09:55 - [32minfo[39m: Local binary started successfully
2024-02-12 15:09:56 - [32minfo[39m: Getting your playwright config from D:\PlayWrightV2\Playwright-Demo\playwright.config.js
2024-02-12 15:09:58 - [32minfo[39m: Adding browserstack configs to setup for Observability
2024-02-12 15:10:47 - [32minfo[39m: Visit https://observability.browserstack.com/builds/jjqtfemzwg0v5jge9x8zymbc0epgha68pnn7utcj to view build report, insights, and many more debugging information all at one place!

2024-02-12 15:10:47 - [32minfo[39m: View build on BrowserStack dashboard: https://automate.browserstack.com/dashboard/v2/builds/06622bda21b2dc606386938e1a64a6732d290920
2024-02-12 15:10:50 - [32minfo[39m: Deleting D:\PlayWrightV2\Playwright-Demo\playwright-browserstack-sdk.config.js
2024-02-12 15:10:53 - [32minfo[39m: Local binary stopped
2024-02-12 15:19:20 - [32minfo[39m: Reading configs from D:\PlayWrightV2\Playwright-Demo\browserstack.yml
2024-02-12 15:19:20 - [32minfo[39m: Project and debug logs are captured by default. To disable, set disableAutoCaptureLogs: true in config.
2024-02-12 15:19:24 - [32minfo[39m: Local binary started successfully
2024-02-12 15:19:25 - [32minfo[39m: Getting your playwright config from D:\PlayWrightV2\Playwright-Demo\playwright.config.js
2024-02-12 15:19:27 - [32minfo[39m: Adding browserstack configs to setup for Observability
2024-02-12 15:20:19 - [32minfo[39m: Visit https://observability.browserstack.com/builds/2crspu6hm2oduwh597ugjv9yskswyweojzw7gt14 to view build report, insights, and many more debugging information all at one place!

2024-02-12 15:20:20 - [32minfo[39m: View build on BrowserStack dashboard: https://automate.browserstack.com/dashboard/v2/builds/2d1b70aed4dcf4d944b5e53b7ea3e6eed2f4a459
2024-02-12 15:20:22 - [32minfo[39m: Deleting D:\PlayWrightV2\Playwright-Demo\playwright-browserstack-sdk.config.js
2024-02-12 15:20:24 - [32minfo[39m: Local binary stopped
2024-02-12 15:36:47 - [32minfo[39m: Reading configs from D:\PlayWrightV2\Playwright-Demo\browserstack.yml
2024-02-12 15:36:47 - [32minfo[39m: Project and debug logs are captured by default. To disable, set disableAutoCaptureLogs: true in config.
2024-02-12 15:36:51 - [32minfo[39m: Local binary started successfully
2024-02-12 15:36:52 - [32minfo[39m: Getting your playwright config from D:\PlayWrightV2\Playwright-Demo\playwright.config.js
2024-02-12 15:36:54 - [32minfo[39m: Adding browserstack configs to setup for Observability
2024-02-12 15:37:02 - [32minfo[39m: Visit https://observability.browserstack.com/builds/fonrtagft1po9j6csucws2w2dscvqb2y1yes4tfw to view build report, insights, and many more debugging information all at one place!

2024-02-12 15:37:04 - [32minfo[39m: Deleting D:\PlayWrightV2\Playwright-Demo\playwright-browserstack-sdk.config.js
2024-02-12 15:37:07 - [32minfo[39m: Local binary stopped
2024-02-12 15:39:20 - [32minfo[39m: Reading configs from D:\PlayWrightV2\Playwright-Demo\browserstack.yml
2024-02-12 15:39:21 - [32minfo[39m: Project and debug logs are captured by default. To disable, set disableAutoCaptureLogs: true in config.
2024-02-12 15:39:25 - [32minfo[39m: Local binary started successfully
2024-02-12 15:39:26 - [32minfo[39m: Getting your playwright config from D:\PlayWrightV2\Playwright-Demo\playwright.config.js
2024-02-12 15:39:28 - [32minfo[39m: Adding browserstack configs to setup for Observability
2024-02-12 15:39:35 - [32minfo[39m: Visit https://observability.browserstack.com/builds/6fh7kt6delgvh2m9sjqfn4gy6nfw68ep7nkdhcnw to view build report, insights, and many more debugging information all at one place!

2024-02-12 15:39:38 - [32minfo[39m: Deleting D:\PlayWrightV2\Playwright-Demo\playwright-browserstack-sdk.config.js
2024-02-12 15:39:40 - [32minfo[39m: Local binary stopped
2024-02-12 15:40:07 - [32minfo[39m: Reading configs from D:\PlayWrightV2\Playwright-Demo\browserstack.yml
2024-02-12 15:40:07 - [32minfo[39m: Project and debug logs are captured by default. To disable, set disableAutoCaptureLogs: true in config.
2024-02-12 15:40:11 - [32minfo[39m: Local binary started successfully
2024-02-12 15:40:12 - [32minfo[39m: Getting your playwright config from D:\PlayWrightV2\Playwright-Demo\playwright.config.js
2024-02-12 15:40:13 - [32minfo[39m: Adding browserstack configs to setup for Observability
2024-02-12 15:41:09 - [32minfo[39m: Visit https://observability.browserstack.com/builds/1initdwybqufjbjiwoczckkcxvfub8or3a5ahdo1 to view build report, insights, and many more debugging information all at one place!

2024-02-12 15:41:10 - [32minfo[39m: View build on BrowserStack dashboard: https://automate.browserstack.com/dashboard/v2/builds/3ae8c54f2a212bfb0cc8cf1001d30f6b79e94e91
2024-02-12 15:41:11 - [32minfo[39m: Deleting D:\PlayWrightV2\Playwright-Demo\playwright-browserstack-sdk.config.js
2024-02-12 15:41:14 - [32minfo[39m: Local binary stopped
2024-02-12 15:43:44 - [32minfo[39m: Reading configs from D:\PlayWrightV2\Playwright-Demo\browserstack.yml
2024-02-12 15:43:44 - [32minfo[39m: Project and debug logs are captured by default. To disable, set disableAutoCaptureLogs: true in config.
2024-02-12 15:43:48 - [32minfo[39m: Local binary started successfully
2024-02-12 15:43:49 - [32minfo[39m: Getting your playwright config from D:\PlayWrightV2\Playwright-Demo\playwright.config.js
2024-02-12 15:43:51 - [32minfo[39m: Adding browserstack configs to setup for Observability
2024-02-12 15:44:46 - [32minfo[39m: Visit https://observability.browserstack.com/builds/ojme4uxh9u3t5lsgjcgkcqozxedxv0njbxp90qrm to view build report, insights, and many more debugging information all at one place!

2024-02-12 15:44:46 - [32minfo[39m: View build on BrowserStack dashboard: https://automate.browserstack.com/dashboard/v2/builds/3dce07d1cf716663d50a8458ad40df6c3755b079
2024-02-12 15:44:48 - [32minfo[39m: Deleting D:\PlayWrightV2\Playwright-Demo\playwright-browserstack-sdk.config.js
2024-02-12 15:44:51 - [32minfo[39m: Local binary stopped
2024-02-12 15:45:56 - [32minfo[39m: Reading configs from D:\PlayWrightV2\Playwright-Demo\browserstack.yml
2024-02-12 15:45:56 - [32minfo[39m: Project and debug logs are captured by default. To disable, set disableAutoCaptureLogs: true in config.
2024-02-12 15:46:00 - [32minfo[39m: Local binary started successfully
2024-02-12 15:46:01 - [32minfo[39m: Getting your playwright config from D:\PlayWrightV2\Playwright-Demo\playwright.config.js
2024-02-12 15:46:03 - [32minfo[39m: Adding browserstack configs to setup for Observability
2024-02-12 15:46:58 - [32minfo[39m: Visit https://observability.browserstack.com/builds/knbwlvozjpuolnbwk545ppg7vddeydcmsez0lzvj to view build report, insights, and many more debugging information all at one place!

2024-02-12 15:46:58 - [32minfo[39m: View build on BrowserStack dashboard: https://automate.browserstack.com/dashboard/v2/builds/5d35a2db1cb15062a61a98ae63b4e4b6b39cb71f
2024-02-12 15:47:00 - [32minfo[39m: Deleting D:\PlayWrightV2\Playwright-Demo\playwright-browserstack-sdk.config.js
2024-02-12 15:47:03 - [32minfo[39m: Local binary stopped
2024-02-12 15:49:46 - [32minfo[39m: Reading configs from D:\PlayWrightV2\Playwright-Demo\browserstack.yml
2024-02-12 15:49:47 - [32minfo[39m: Project and debug logs are captured by default. To disable, set disableAutoCaptureLogs: true in config.
2024-02-12 15:49:51 - [32minfo[39m: Local binary started successfully
2024-02-12 15:49:52 - [32minfo[39m: Getting your playwright config from D:\PlayWrightV2\Playwright-Demo\playwright.config.js
2024-02-12 15:49:54 - [32minfo[39m: Adding browserstack configs to setup for Observability
2024-02-12 15:50:48 - [32minfo[39m: Visit https://observability.browserstack.com/builds/ddbzmdopzv5mj3wwtiulgl3kjdaunk69upbfjayu to view build report, insights, and many more debugging information all at one place!

2024-02-12 15:50:50 - [32minfo[39m: View build on BrowserStack dashboard: https://automate.browserstack.com/dashboard/v2/builds/f6323f07a189949a6b5e8a1b1a2da2386a6fc7cf
2024-02-12 15:50:51 - [32minfo[39m: Deleting D:\PlayWrightV2\Playwright-Demo\playwright-browserstack-sdk.config.js
2024-02-12 15:50:54 - [32minfo[39m: Local binary stopped
2024-02-12 15:55:17 - [32minfo[39m: Reading configs from D:\PlayWrightV2\Playwright-Demo\browserstack.yml
2024-02-12 15:55:17 - [32minfo[39m: Project and debug logs are captured by default. To disable, set disableAutoCaptureLogs: true in config.
2024-02-12 15:55:21 - [32minfo[39m: Local binary started successfully
2024-02-12 15:55:22 - [32minfo[39m: Getting your playwright config from D:\PlayWrightV2\Playwright-Demo\playwright.config.js
2024-02-12 15:55:24 - [32minfo[39m: Adding browserstack configs to setup for Observability
2024-02-12 15:56:15 - [32minfo[39m: Visit https://observability.browserstack.com/builds/8g4stdqyriipavoddrxomukoewhbnvog0nxhnnlg to view build report, insights, and many more debugging information all at one place!

2024-02-12 15:56:16 - [32minfo[39m: View build on BrowserStack dashboard: https://automate.browserstack.com/dashboard/v2/builds/75fe4eddb32ffade732ae4d9c6cf4af8569b92c0
2024-02-12 15:56:18 - [32minfo[39m: Deleting D:\PlayWrightV2\Playwright-Demo\playwright-browserstack-sdk.config.js
2024-02-12 15:56:21 - [32minfo[39m: Local binary stopped
2024-02-12 16:01:11 - [32minfo[39m: Reading configs from D:\PlayWrightV2\Playwright-Demo\browserstack.yml
2024-02-12 16:01:12 - [32minfo[39m: Project and debug logs are captured by default. To disable, set disableAutoCaptureLogs: true in config.
2024-02-12 16:01:15 - [32minfo[39m: Local binary started successfully
2024-02-12 16:01:16 - [32minfo[39m: Getting your playwright config from D:\PlayWrightV2\Playwright-Demo\playwright.config.js
2024-02-12 16:01:18 - [32minfo[39m: Adding browserstack configs to setup for Observability
2024-02-12 16:02:13 - [32minfo[39m: Visit https://observability.browserstack.com/builds/dfbrusd0gbpnnclwf6swzupd8m1iy4olabcauhbc to view build report, insights, and many more debugging information all at one place!

2024-02-12 16:02:14 - [32minfo[39m: View build on BrowserStack dashboard: https://automate.browserstack.com/dashboard/v2/builds/6898ee19210b12bfc245d0728ab5a1804bfde4bf
2024-02-12 16:02:16 - [32minfo[39m: Deleting D:\PlayWrightV2\Playwright-Demo\playwright-browserstack-sdk.config.js
2024-02-12 16:02:19 - [32minfo[39m: Local binary stopped
2024-02-12 16:06:44 - [32minfo[39m: Reading configs from D:\PlayWrightV2\Playwright-Demo\browserstack.yml
2024-02-12 16:06:44 - [32minfo[39m: Project and debug logs are captured by default. To disable, set disableAutoCaptureLogs: true in config.
2024-02-12 16:06:48 - [32minfo[39m: Local binary started successfully
2024-02-12 16:06:49 - [32minfo[39m: Getting your playwright config from D:\PlayWrightV2\Playwright-Demo\playwright.config.js
2024-02-12 16:06:51 - [32minfo[39m: Adding browserstack configs to setup for Observability
2024-02-12 16:07:42 - [32minfo[39m: Visit https://observability.browserstack.com/builds/vpxnpjshsx1qaieypvv60pvkceg9iykbaclobqrt to view build report, insights, and many more debugging information all at one place!

2024-02-12 16:07:43 - [32minfo[39m: View build on BrowserStack dashboard: https://automate.browserstack.com/dashboard/v2/builds/37b5e11c1c695f2fc84fe34afd0bd97583dbd276
2024-02-12 16:07:44 - [32minfo[39m: Deleting D:\PlayWrightV2\Playwright-Demo\playwright-browserstack-sdk.config.js
2024-02-12 16:07:47 - [32minfo[39m: Local binary stopped
2024-02-12 16:16:57 - [32minfo[39m: Reading configs from D:\PlayWrightV2\Playwright-Demo\browserstack.yml
2024-02-12 16:16:57 - [32minfo[39m: Project and debug logs are captured by default. To disable, set disableAutoCaptureLogs: true in config.
2024-02-12 16:17:01 - [32minfo[39m: Local binary started successfully
2024-02-12 16:17:02 - [32minfo[39m: Getting your playwright config from D:\PlayWrightV2\Playwright-Demo\playwright.config.js
2024-02-12 16:17:04 - [32minfo[39m: Adding browserstack configs to setup for Observability
2024-02-12 16:17:56 - [32minfo[39m: Visit https://observability.browserstack.com/builds/qx3fopq0ob6x4sxmwv8rhfdyxgw4lwjdbiug7whr to view build report, insights, and many more debugging information all at one place!

2024-02-12 16:17:56 - [32minfo[39m: View build on BrowserStack dashboard: https://automate.browserstack.com/dashboard/v2/builds/bf11307190cfd811f353c8a56959f896593f2c65
2024-02-12 16:17:58 - [32minfo[39m: Deleting D:\PlayWrightV2\Playwright-Demo\playwright-browserstack-sdk.config.js
2024-02-12 16:18:01 - [32minfo[39m: Local binary stopped
2024-02-12 16:26:17 - [32minfo[39m: Reading configs from D:\PlayWrightV2\Playwright-Demo\browserstack.yml
2024-02-12 16:26:17 - [32minfo[39m: Project and debug logs are captured by default. To disable, set disableAutoCaptureLogs: true in config.
2024-02-12 16:26:21 - [32minfo[39m: Local binary started successfully
2024-02-12 16:26:22 - [32minfo[39m: Getting your playwright config from D:\PlayWrightV2\Playwright-Demo\playwright.config.js
2024-02-12 16:26:24 - [32minfo[39m: Adding browserstack configs to setup for Observability
2024-02-12 16:27:18 - [32minfo[39m: Visit https://observability.browserstack.com/builds/9vw0npfzovhd6gdgucqyakwofjmkwqzcs2fkmddn to view build report, insights, and many more debugging information all at one place!

2024-02-12 16:27:18 - [32minfo[39m: View build on BrowserStack dashboard: https://automate.browserstack.com/dashboard/v2/builds/9bd19a4c0a7ebb7e402d0f41449d159bff64ff6d
2024-02-12 16:27:20 - [32minfo[39m: Deleting D:\PlayWrightV2\Playwright-Demo\playwright-browserstack-sdk.config.js
2024-02-12 16:27:23 - [32minfo[39m: Local binary stopped
2024-02-12 16:35:03 - [32minfo[39m: Reading configs from D:\PlayWrightV2\Playwright-Demo\browserstack.yml
2024-02-12 16:35:03 - [32minfo[39m: Project and debug logs are captured by default. To disable, set disableAutoCaptureLogs: true in config.
2024-02-12 16:35:07 - [32minfo[39m: Local binary started successfully
2024-02-12 16:35:07 - [32minfo[39m: Getting your playwright config from D:\PlayWrightV2\Playwright-Demo\playwright.config.js
2024-02-12 16:35:09 - [32minfo[39m: Adding browserstack configs to setup for Observability
2024-02-12 16:36:01 - [32minfo[39m: Visit https://observability.browserstack.com/builds/hbuwemsolposcslvlkra2vcetw3vehyalnrscqjj to view build report, insights, and many more debugging information all at one place!

2024-02-12 16:36:01 - [32minfo[39m: View build on BrowserStack dashboard: https://automate.browserstack.com/dashboard/v2/builds/d308e57fc58e45a457d64657826d75914efbb859
2024-02-12 16:36:03 - [32minfo[39m: Deleting D:\PlayWrightV2\Playwright-Demo\playwright-browserstack-sdk.config.js
2024-02-12 16:36:06 - [32minfo[39m: Local binary stopped
2024-02-12 16:44:01 - [32minfo[39m: Reading configs from D:\PlayWrightV2\Playwright-Demo\browserstack.yml
2024-02-12 16:44:01 - [32minfo[39m: Project and debug logs are captured by default. To disable, set disableAutoCaptureLogs: true in config.
2024-02-12 16:44:05 - [32minfo[39m: Local binary started successfully
2024-02-12 16:44:06 - [32minfo[39m: Getting your playwright config from D:\PlayWrightV2\Playwright-Demo\playwright.config.js
2024-02-12 16:44:08 - [32minfo[39m: Adding browserstack configs to setup for Observability
2024-02-12 16:44:58 - [32minfo[39m: Visit https://observability.browserstack.com/builds/xahu6yzjylu60pa0hbvgb02fz2vwysebqovdjm9e to view build report, insights, and many more debugging information all at one place!

2024-02-12 16:45:00 - [32minfo[39m: View build on BrowserStack dashboard: https://automate.browserstack.com/dashboard/v2/builds/7ecffc24c78533c52d2bcfbba79dd1932192c01e
2024-02-12 16:45:02 - [32minfo[39m: Deleting D:\PlayWrightV2\Playwright-Demo\playwright-browserstack-sdk.config.js
2024-02-12 16:45:05 - [32minfo[39m: Local binary stopped
2024-02-12 16:49:26 - [32minfo[39m: Reading configs from D:\PlayWrightV2\Playwright-Demo\browserstack.yml
2024-02-12 16:49:26 - [32minfo[39m: Project and debug logs are captured by default. To disable, set disableAutoCaptureLogs: true in config.
2024-02-12 16:49:30 - [32minfo[39m: Local binary started successfully
2024-02-12 16:49:32 - [32minfo[39m: Getting your playwright config from D:\PlayWrightV2\Playwright-Demo\playwright.config.js
2024-02-12 16:49:33 - [32minfo[39m: Adding browserstack configs to setup for Observability
2024-02-12 16:50:25 - [32minfo[39m: Visit https://observability.browserstack.com/builds/7opbaafgimndmuc8lepo1b6caz1ifxbwp6bijjd5 to view build report, insights, and many more debugging information all at one place!

2024-02-12 16:50:26 - [32minfo[39m: View build on BrowserStack dashboard: https://automate.browserstack.com/dashboard/v2/builds/c339721f7975177f3d33489c705ce75a81bac58a
2024-02-12 16:50:28 - [32minfo[39m: Deleting D:\PlayWrightV2\Playwright-Demo\playwright-browserstack-sdk.config.js
2024-02-12 16:50:31 - [32minfo[39m: Local binary stopped
2024-02-12 16:54:43 - [32minfo[39m: Reading configs from D:\PlayWrightV2\Playwright-Demo\browserstack.yml
2024-02-12 16:54:43 - [32minfo[39m: Project and debug logs are captured by default. To disable, set disableAutoCaptureLogs: true in config.
2024-02-12 16:54:47 - [32minfo[39m: Local binary started successfully
2024-02-12 16:54:48 - [32minfo[39m: Getting your playwright config from D:\PlayWrightV2\Playwright-Demo\playwright.config.js
2024-02-12 16:54:50 - [32minfo[39m: Adding browserstack configs to setup for Observability
2024-02-12 16:55:41 - [32minfo[39m: Visit https://observability.browserstack.com/builds/4l3tdowstjpnpvqvjc2fqjt1aoub5dx7unea2l0g to view build report, insights, and many more debugging information all at one place!

2024-02-12 16:55:41 - [32minfo[39m: View build on BrowserStack dashboard: https://automate.browserstack.com/dashboard/v2/builds/c08eb8bb809e336dcf59a676db67ca7915312e43
2024-02-12 16:55:44 - [32minfo[39m: Deleting D:\PlayWrightV2\Playwright-Demo\playwright-browserstack-sdk.config.js
2024-02-12 16:55:47 - [32minfo[39m: Local binary stopped
2024-02-12 16:56:03 - [32minfo[39m: Reading configs from D:\PlayWrightV2\Playwright-Demo\browserstack.yml
2024-02-12 16:56:03 - [32minfo[39m: Project and debug logs are captured by default. To disable, set disableAutoCaptureLogs: true in config.
2024-02-12 16:56:06 - [32minfo[39m: Local binary started successfully
2024-02-12 16:56:08 - [32minfo[39m: Getting your playwright config from D:\PlayWrightV2\Playwright-Demo\playwright.config.js
2024-02-12 16:56:09 - [32minfo[39m: Adding browserstack configs to setup for Observability
2024-02-12 16:57:00 - [32minfo[39m: Visit https://observability.browserstack.com/builds/jtadyuz95nbam5fq02vjoqwz3myfavuvjboee1zm to view build report, insights, and many more debugging information all at one place!

2024-02-12 16:57:00 - [32minfo[39m: View build on BrowserStack dashboard: https://automate.browserstack.com/dashboard/v2/builds/7b969231da7a3d9256acc72ffb4265eec0216222
2024-02-12 16:57:02 - [32minfo[39m: Deleting D:\PlayWrightV2\Playwright-Demo\playwright-browserstack-sdk.config.js
2024-02-12 16:57:05 - [32minfo[39m: Local binary stopped
2024-02-12 17:04:39 - [32minfo[39m: Reading configs from D:\PlayWrightV2\Playwright-Demo\browserstack.yml
2024-02-12 17:04:39 - [32minfo[39m: Project and debug logs are captured by default. To disable, set disableAutoCaptureLogs: true in config.
2024-02-12 17:04:44 - [32minfo[39m: Local binary started successfully
2024-02-12 17:04:45 - [32minfo[39m: Getting your playwright config from D:\PlayWrightV2\Playwright-Demo\playwright.config.js
2024-02-12 17:04:47 - [32minfo[39m: Adding browserstack configs to setup for Observability
2024-02-12 17:05:37 - [32minfo[39m: Visit https://observability.browserstack.com/builds/omt3i1bedad3wvbmnsxkgllggxy526lppgrywxsz to view build report, insights, and many more debugging information all at one place!

2024-02-12 17:05:38 - [32minfo[39m: View build on BrowserStack dashboard: https://automate.browserstack.com/dashboard/v2/builds/aeff0affef0c18d928147059613faa724cecc199
2024-02-12 17:05:39 - [32minfo[39m: Deleting D:\PlayWrightV2\Playwright-Demo\playwright-browserstack-sdk.config.js
2024-02-12 17:05:43 - [32minfo[39m: Local binary stopped
2024-02-12 17:16:40 - [32minfo[39m: Reading configs from D:\PlayWrightV2\Playwright-Demo\browserstack.yml
2024-02-12 17:16:41 - [32minfo[39m: Project and debug logs are captured by default. To disable, set disableAutoCaptureLogs: true in config.
2024-02-12 17:16:45 - [32minfo[39m: Local binary started successfully
2024-02-12 17:16:46 - [32minfo[39m: Getting your playwright config from D:\PlayWrightV2\Playwright-Demo\playwright.config.js
2024-02-12 17:16:48 - [32minfo[39m: Adding browserstack configs to setup for Observability
2024-02-12 17:17:43 - [32minfo[39m: Visit https://observability.browserstack.com/builds/sytosyldptkp011ug56iosjrmat8e0dfwsxlllom to view build report, insights, and many more debugging information all at one place!

2024-02-12 17:17:43 - [32minfo[39m: View build on BrowserStack dashboard: https://automate.browserstack.com/dashboard/v2/builds/d5ef029fc974e4933c60165e5da5dd0ad2d767b8
2024-02-12 17:17:46 - [32minfo[39m: Deleting D:\PlayWrightV2\Playwright-Demo\playwright-browserstack-sdk.config.js
2024-02-12 17:17:49 - [32minfo[39m: Local binary stopped
2024-02-12 17:30:04 - [32minfo[39m: Reading configs from D:\PlayWrightV2\Playwright-Demo\browserstack.yml
2024-02-12 17:30:04 - [32minfo[39m: Project and debug logs are captured by default. To disable, set disableAutoCaptureLogs: true in config.
2024-02-12 17:30:08 - [32minfo[39m: Local binary started successfully
2024-02-12 17:30:10 - [32minfo[39m: Getting your playwright config from D:\PlayWrightV2\Playwright-Demo\playwright.config.js
2024-02-12 17:30:11 - [32minfo[39m: Adding browserstack configs to setup for Observability
2024-02-12 17:31:03 - [32minfo[39m: Visit https://observability.browserstack.com/builds/b5g2qvpf1klpbkfnwaicdkdsaj9c5sdrpjtfi9z0 to view build report, insights, and many more debugging information all at one place!

2024-02-12 17:31:03 - [32minfo[39m: View build on BrowserStack dashboard: https://automate.browserstack.com/dashboard/v2/builds/13f5032791379033081edb33445f2541b0e9a81f
2024-02-12 17:31:05 - [32minfo[39m: Deleting D:\PlayWrightV2\Playwright-Demo\playwright-browserstack-sdk.config.js
2024-02-12 17:31:08 - [32minfo[39m: Local binary stopped
2024-02-13 10:58:30 - [32minfo[39m: Reading configs from D:\PlayWrightV2\Playwright-Demo\browserstack.yml
2024-02-13 10:58:30 - [32minfo[39m: Project and debug logs are captured by default. To disable, set disableAutoCaptureLogs: true in config.
2024-02-13 10:58:37 - [32minfo[39m: Local binary started successfully
2024-02-13 10:58:39 - [32minfo[39m: Getting your playwright config from D:\PlayWrightV2\Playwright-Demo\playwright.config.js
2024-02-13 10:58:42 - [32minfo[39m: Adding browserstack configs to setup for Observability
2024-02-13 10:59:38 - [32minfo[39m: Visit https://observability.browserstack.com/builds/ggxfuhsbko4hnbxqyswdtfdseqnls0gphmivmivj to view build report, insights, and many more debugging information all at one place!

2024-02-13 10:59:39 - [32minfo[39m: View build on BrowserStack dashboard: https://automate.browserstack.com/dashboard/v2/builds/212adf481edce247872799e27b79441cd95317e4
2024-02-13 10:59:41 - [32minfo[39m: Deleting D:\PlayWrightV2\Playwright-Demo\playwright-browserstack-sdk.config.js
2024-02-13 10:59:45 - [32minfo[39m: Local binary stopped
